INFO    : Building target activities-web
INFO    : XSL conversion of C:\Users\mcalister_e\Desktop\Pretext_repositories\Math121Fall2025v2\source\activities.ptx by C:\Users\mcalister_e\.ptx\2.19.2\core\xsl\utilities\pretext-enhanced-source.xsl
INFO    : successful application of C:\Users\mcalister_e\.ptx\2.19.2\core\xsl\utilities\pretext-enhanced-source.xsl
INFO    : Generating any needed assets.
INFO    : XSL conversion of C:\Users\mcalister_e\Desktop\Pretext_repositories\Math121Fall2025v2\source\activities.ptx by C:\Users\mcalister_e\.ptx\2.19.2\core\xsl\utilities\pretext-enhanced-source.xsl
INFO    : successful application of C:\Users\mcalister_e\.ptx\2.19.2\core\xsl\utilities\pretext-enhanced-source.xsl
INFO    : XSL conversion of C:\Users\mcalister_e\Desktop\Pretext_repositories\Math121Fall2025v2\source\activities.ptx by C:\Users\mcalister_e\.ptx\2.19.2\core\xsl\utilities\pretext-enhanced-source.xsl
INFO    : successful application of C:\Users\mcalister_e\.ptx\2.19.2\core\xsl\utilities\pretext-enhanced-source.xsl
INFO    : XSL conversion of C:\Users\mcalister_e\Desktop\Pretext_repositories\Math121Fall2025v2\source\activities.ptx by C:\Users\mcalister_e\.ptx\2.19.2\core\xsl\utilities\pretext-enhanced-source.xsl
INFO    : successful application of C:\Users\mcalister_e\.ptx\2.19.2\core\xsl\utilities\pretext-enhanced-source.xsl
INFO    : XSL conversion of C:\Users\mcalister_e\Desktop\Pretext_repositories\Math121Fall2025v2\source\activities.ptx by C:\Users\mcalister_e\.ptx\2.19.2\core\xsl\utilities\pretext-enhanced-source.xsl
INFO    : successful application of C:\Users\mcalister_e\.ptx\2.19.2\core\xsl\utilities\pretext-enhanced-source.xsl
INFO    : XSL conversion of C:\Users\mcalister_e\Desktop\Pretext_repositories\Math121Fall2025v2\source\activities.ptx by C:\Users\mcalister_e\.ptx\2.19.2\core\xsl\utilities\pretext-enhanced-source.xsl
INFO    : successful application of C:\Users\mcalister_e\.ptx\2.19.2\core\xsl\utilities\pretext-enhanced-source.xsl
INFO    : XSL conversion of C:\Users\mcalister_e\Desktop\Pretext_repositories\Math121Fall2025v2\source\activities.ptx by C:\Users\mcalister_e\.ptx\2.19.2\core\xsl\utilities\pretext-enhanced-source.xsl
INFO    : successful application of C:\Users\mcalister_e\.ptx\2.19.2\core\xsl\utilities\pretext-enhanced-source.xsl
INFO    : XSL conversion of C:\Users\mcalister_e\Desktop\Pretext_repositories\Math121Fall2025v2\source\activities.ptx by C:\Users\mcalister_e\.ptx\2.19.2\core\xsl\utilities\pretext-enhanced-source.xsl
INFO    : successful application of C:\Users\mcalister_e\.ptx\2.19.2\core\xsl\utilities\pretext-enhanced-source.xsl
INFO    : XSL conversion of C:\Users\mcalister_e\Desktop\Pretext_repositories\Math121Fall2025v2\source\activities.ptx by C:\Users\mcalister_e\.ptx\2.19.2\core\xsl\utilities\pretext-enhanced-source.xsl
INFO    : successful application of C:\Users\mcalister_e\.ptx\2.19.2\core\xsl\utilities\pretext-enhanced-source.xsl
INFO    : XSL conversion of C:\Users\mcalister_e\Desktop\Pretext_repositories\Math121Fall2025v2\source\activities.ptx by C:\Users\mcalister_e\.ptx\2.19.2\core\xsl\utilities\pretext-enhanced-source.xsl
INFO    : successful application of C:\Users\mcalister_e\.ptx\2.19.2\core\xsl\utilities\pretext-enhanced-source.xsl
INFO    : XSL conversion of C:\Users\mcalister_e\Desktop\Pretext_repositories\Math121Fall2025v2\source\activities.ptx by C:\Users\mcalister_e\.ptx\2.19.2\core\xsl\utilities\pretext-enhanced-source.xsl
INFO    : successful application of C:\Users\mcalister_e\.ptx\2.19.2\core\xsl\utilities\pretext-enhanced-source.xsl
INFO    : XSL conversion of C:\Users\mcalister_e\Desktop\Pretext_repositories\Math121Fall2025v2\source\activities.ptx by C:\Users\mcalister_e\.ptx\2.19.2\core\xsl\utilities\pretext-enhanced-source.xsl
INFO    : successful application of C:\Users\mcalister_e\.ptx\2.19.2\core\xsl\utilities\pretext-enhanced-source.xsl
INFO    : XSL conversion of C:\Users\mcalister_e\Desktop\Pretext_repositories\Math121Fall2025v2\source\activities.ptx by C:\Users\mcalister_e\.ptx\2.19.2\core\xsl\utilities\pretext-enhanced-source.xsl
INFO    : successful application of C:\Users\mcalister_e\.ptx\2.19.2\core\xsl\utilities\pretext-enhanced-source.xsl
INFO    : XSL conversion of C:\Users\mcalister_e\Desktop\Pretext_repositories\Math121Fall2025v2\source\activities.ptx by C:\Users\mcalister_e\.ptx\2.19.2\core\xsl\utilities\pretext-enhanced-source.xsl
INFO    : successful application of C:\Users\mcalister_e\.ptx\2.19.2\core\xsl\utilities\pretext-enhanced-source.xsl
INFO    : XSL conversion of C:\Users\mcalister_e\Desktop\Pretext_repositories\Math121Fall2025v2\source\activities.ptx by C:\Users\mcalister_e\.ptx\2.19.2\core\xsl\utilities\pretext-enhanced-source.xsl
INFO    : successful application of C:\Users\mcalister_e\.ptx\2.19.2\core\xsl\utilities\pretext-enhanced-source.xsl
INFO    : Finished generating assets.

INFO    : Preparing to build into C:\Users\mcalister_e\Desktop\Pretext_repositories\Math121Fall2025v2\output\activities-web.
INFO    : discovering source file's directory name: C:\Users\mcalister_e\Desktop\Pretext_repositories\Math121Fall2025v2\source
INFO    : verifying and expanding input directory: C:\Users\mcalister_e\Desktop\Pretext_repositories\Math121Fall2025v2\source\../generated-assets
INFO    : input directory expanded to absolute path: C:\Users\mcalister_e\Desktop\Pretext_repositories\Math121Fall2025v2\generated-assets
INFO    : verifying and expanding input directory: C:\Users\mcalister_e\Desktop\Pretext_repositories\Math121Fall2025v2\source\../assets
INFO    : input directory expanded to absolute path: C:\Users\mcalister_e\Desktop\Pretext_repositories\Math121Fall2025v2\assets
INFO    : XSL conversion of C:\Users\mcalister_e\Desktop\Pretext_repositories\Math121Fall2025v2\source\activities.ptx by C:\Users\mcalister_e\.ptx\2.19.2\core\xsl\utilities\report-publisher-variables.xsl
INFO    : successful application of C:\Users\mcalister_e\.ptx\2.19.2\core\xsl\utilities\report-publisher-variables.xsl
INFO    : Downloading rs services file from https://runestone.academy/cdn/runestone/latest/webpack_static_imports.xml.
INFO    : Runestone Services via online CDN query: version 7.7.5
INFO    : Downloading Runestone Services, version 7.7.5
INFO    : Extracting Runestone Services from archive file
INFO    : Building custom css theme: theme-greeley
INFO    : converting C:\Users\mcalister_e\Desktop\Pretext_repositories\Math121Fall2025v2\source\activities.ptx to HTML in C:\Users\MCALIS~1\AppData\Local\Temp\ptx-0a8pxi4o
INFO    : XSL conversion of C:\Users\mcalister_e\Desktop\Pretext_repositories\Math121Fall2025v2\source\activities.ptx by C:\Users\mcalister_e\.ptx\2.19.2\core\xsl\pretext-html.xsl
INFO    : messages from the log for XSL processing:
INFO    : * PTX:INFO:   checking ONLY the last TWO YEARS of element deprecations.
Rerun with the string parameter "author.deprecations.all" set to "yes" to check your source against all deprecations.
WARNING : * PTX:WARNING:    Your <article> does not have any sections or worksheets, nor any top-level paragraphs.  Maybe you forgot the '--xinclude' switch on your 'xsltproc' command line?
INFO    : successful application of C:\Users\mcalister_e\.ptx\2.19.2\core\xsl\pretext-html.xsl
INFO    : Removing temporary directory C:\Users\MCALIS~1\AppData\Local\Temp\ptx-0a8pxi4o
INFO    : Removing temporary directory C:\Users\MCALIS~1\AppData\Local\Temp\ptx-x9sw5cfb
INFO    : 
Success! Run `pretext view activities-web` to see the results.

INFO    : 
