INFO    : Building target syllabus-web
INFO    : XSL conversion of /workspaces/Math121Fall2025v2/source/syllabus.ptx by /home/codespace/.ptx/2.19.2/core/xsl/utilities/pretext-enhanced-source.xsl
INFO    : successful application of /home/codespace/.ptx/2.19.2/core/xsl/utilities/pretext-enhanced-source.xsl
INFO    : Generating any needed assets.
INFO    : Finished generating assets.

INFO    : Preparing to build into /workspaces/Math121Fall2025v2/output/syllabus-web.
INFO    : discovering source file's directory name: /workspaces/Math121Fall2025v2/source
INFO    : verifying and expanding input directory: /workspaces/Math121Fall2025v2/source/../generated-assets
INFO    : input directory expanded to absolute path: /workspaces/Math121Fall2025v2/generated-assets
INFO    : verifying and expanding input directory: /workspaces/Math121Fall2025v2/source/../assets
INFO    : input directory expanded to absolute path: /workspaces/Math121Fall2025v2/assets
INFO    : XSL conversion of /workspaces/Math121Fall2025v2/source/syllabus.ptx by /home/codespace/.ptx/2.19.2/core/xsl/utilities/report-publisher-variables.xsl
INFO    : successful application of /home/codespace/.ptx/2.19.2/core/xsl/utilities/report-publisher-variables.xsl
INFO    : Downloading rs services file from https://runestone.academy/cdn/runestone/latest/webpack_static_imports.xml.
INFO    : Runestone Services via online CDN query: version 7.7.5
INFO    : Downloading Runestone Services, version 7.7.5
INFO    : Extracting Runestone Services from archive file
INFO    : Building custom css theme: theme-salem
INFO    : converting /workspaces/Math121Fall2025v2/source/syllabus.ptx to HTML in /tmp/ptx-n_s0_opn
INFO    : XSL conversion of /workspaces/Math121Fall2025v2/source/syllabus.ptx by /home/codespace/.ptx/2.19.2/core/xsl/pretext-html.xsl
INFO    : messages from the log for XSL processing:
INFO    : * PTX:INFO:   checking ONLY the last TWO YEARS of element deprecations.
Rerun with the string parameter "author.deprecations.all" set to "yes" to check your source against all deprecations.
INFO    : successful application of /home/codespace/.ptx/2.19.2/core/xsl/pretext-html.xsl
INFO    : Removing temporary directory /tmp/ptx-n_s0_opn
INFO    : Removing temporary directory /tmp/ptx-bqdzp395
INFO    : 
Success! Run `pretext view syllabus-web` to see the results.

INFO    : 
